<?xml version="1.0" encoding="UTF-8"?>
<Site BuildName="(empty)"
	BuildStamp="20250121-2209-Experimental"
	Name="(empty)"
	Generator="ctest-3.31.4-dirty"
	CompilerName=""
	CompilerVersion=""
	OSName="Linux"
	Hostname="swift"
	OSRelease="6.12.9-artix1-1"
	OSVersion="#1 SMP PREEMPT_DYNAMIC Sat, 11 Jan 2025 14:49:54 +0000"
	OSPlatform="x86_64"
	Is64Bits="1"
	VendorString="GenuineIntel"
	VendorID="Intel Corporation"
	FamilyID="6"
	ModelID="154"
	ModelName="12th Gen Intel(R) Core(TM) i7-1260P"
	ProcessorCacheSize="18432"
	NumberOfLogicalCPU="16"
	NumberOfPhysicalCPU="12"
	TotalVirtualMemory="8191"
	TotalPhysicalMemory="15695"
	LogicalProcessorsPerPhysical="1"
	ProcessorClockFrequency="2758.42"
	>
	<Testing>
		<StartDateTime>Jan 21 23:09 CET</StartDateTime>
		<StartTestTime>1737497380</StartTestTime>
		<TestList/>
		<EndDateTime>Jan 21 23:09 CET</EndDateTime>
		<EndTestTime>1737497380</EndTestTime>
		<ElapsedMinutes>0</ElapsedMinutes>
	</Testing>
</Site>
