<?xml version="1.0" encoding="UTF-8"?>
<Site BuildName="(empty)"
	BuildStamp="20250115-1427-Experimental"
	Name="(empty)"
	Generator="ctest-3.31.3-dirty"
	CompilerName=""
	CompilerVersion=""
	OSName="Linux"
	Hostname="swift"
	OSRelease="6.12.8-artix1-1"
	OSVersion="#1 SMP PREEMPT_DYNAMIC Fri, 03 Jan 2025 16:31:28 +0000"
	OSPlatform="x86_64"
	Is64Bits="1"
	VendorString="GenuineIntel"
	VendorID="Intel Corporation"
	FamilyID="6"
	ModelID="154"
	ModelName="12th Gen Intel(R) Core(TM) i7-1260P"
	ProcessorCacheSize="18432"
	NumberOfLogicalCPU="16"
	NumberOfPhysicalCPU="12"
	TotalVirtualMemory="8191"
	TotalPhysicalMemory="15695"
	LogicalProcessorsPerPhysical="1"
	ProcessorClockFrequency="1600.23"
	>
	<Testing>
		<StartDateTime>Jan 15 15:27 CET</StartDateTime>
		<StartTestTime>1736951249</StartTestTime>
		<TestList/>
		<EndDateTime>Jan 15 15:27 CET</EndDateTime>
		<EndTestTime>1736951249</EndTestTime>
		<ElapsedMinutes>0</ElapsedMinutes>
	</Testing>
</Site>
